<?xml version="1.0" encoding="UTF-8"?>
<robot generator="Robot 7.0.1 (Python 3.11.4 on win32)" generated="2024-08-25T23:39:26.597327" rpa="false" schemaversion="5">
<suite id="s1" name="Automation" source="G:\AkshayBabuWorkSpace\Python-Robot_FrameWork\Automation">
<suite id="s1-s1" name="TestCases" source="G:\AkshayBabuWorkSpace\Python-Robot_FrameWork\Automation\TestCases">
<suite id="s1-s1-s1" name="multibrowser TestCase9" source="G:\AkshayBabuWorkSpace\Python-Robot_FrameWork\Automation\TestCases\multibrowser_TestCase9.robot">
<test id="s1-s1-s1-t1" name="Tabded windows" line="5">
<kw name="Open Browser" owner="SeleniumLibrary">
<msg time="2024-08-25T23:39:27.223099" level="INFO">Opening browser 'chrome' to base url 'https://demo.automationtesting.in/Windows.html'.</msg>
<arg>https://demo.automationtesting.in/Windows.html</arg>
<arg>chrome</arg>
<doc>Opens a new browser instance to the optional ``url``.</doc>
<status status="PASS" start="2024-08-25T23:39:27.222203" elapsed="4.785957"/>
</kw>
<kw name="Maximize Browser Window" owner="SeleniumLibrary">
<doc>Maximizes current browser window.</doc>
<status status="PASS" start="2024-08-25T23:39:32.009156" elapsed="0.117253"/>
</kw>
<kw name="Sleep" owner="BuiltIn">
<msg time="2024-08-25T23:39:37.128295" level="INFO">Slept 5 seconds.</msg>
<arg>5</arg>
<doc>Pauses the test executed for the given time.</doc>
<status status="PASS" start="2024-08-25T23:39:32.127407" elapsed="5.001486"/>
</kw>
<kw name="Open Browser" owner="SeleniumLibrary">
<msg time="2024-08-25T23:39:37.132121" level="INFO">Opening browser 'chrome' to base url 'https://www.google.com'.</msg>
<arg>https://www.google.com</arg>
<arg>chrome</arg>
<doc>Opens a new browser instance to the optional ``url``.</doc>
<status status="PASS" start="2024-08-25T23:39:37.131077" elapsed="2.515504"/>
</kw>
<kw name="Maximize Browser Window" owner="SeleniumLibrary">
<doc>Maximizes current browser window.</doc>
<status status="PASS" start="2024-08-25T23:39:39.646581" elapsed="1.244077"/>
</kw>
<kw name="Sleep" owner="BuiltIn">
<msg time="2024-08-25T23:39:45.890922" level="INFO">Slept 5 seconds.</msg>
<arg>5</arg>
<doc>Pauses the test executed for the given time.</doc>
<status status="PASS" start="2024-08-25T23:39:40.890658" elapsed="5.001282"/>
</kw>
<kw name="Switch Browser" owner="SeleniumLibrary">
<arg>1</arg>
<doc>Switches between active browsers using ``index_or_alias``.</doc>
<status status="PASS" start="2024-08-25T23:39:45.892943" elapsed="0.001000"/>
</kw>
<kw name="Get Title" owner="SeleniumLibrary">
<msg time="2024-08-25T23:39:45.934949" level="INFO">${title} = Frames &amp; windows</msg>
<var>${title}</var>
<doc>Returns the title of the current page.</doc>
<status status="PASS" start="2024-08-25T23:39:45.894944" elapsed="0.040005"/>
</kw>
<kw name="Log To Console" owner="BuiltIn">
<arg>${title}</arg>
<doc>Logs the given message to the console.</doc>
<status status="PASS" start="2024-08-25T23:39:45.936191" elapsed="0.001021"/>
</kw>
<kw name="Switch Browser" owner="SeleniumLibrary">
<arg>2</arg>
<doc>Switches between active browsers using ``index_or_alias``.</doc>
<status status="PASS" start="2024-08-25T23:39:45.940212" elapsed="0.001003"/>
</kw>
<kw name="Get Title" owner="SeleniumLibrary">
<msg time="2024-08-25T23:39:45.960793" level="INFO">${title2} = Google</msg>
<var>${title2}</var>
<doc>Returns the title of the current page.</doc>
<status status="PASS" start="2024-08-25T23:39:45.943215" elapsed="0.017578"/>
</kw>
<kw name="Log To Console" owner="BuiltIn">
<arg>${title2}</arg>
<doc>Logs the given message to the console.</doc>
<status status="PASS" start="2024-08-25T23:39:45.961813" elapsed="0.002013"/>
</kw>
<status status="PASS" start="2024-08-25T23:39:27.220700" elapsed="18.744206"/>
</test>
<status status="PASS" start="2024-08-25T23:39:26.641360" elapsed="19.327818"/>
</suite>
<status status="PASS" start="2024-08-25T23:39:26.638940" elapsed="19.353242"/>
</suite>
<status status="PASS" start="2024-08-25T23:39:26.603329" elapsed="19.402858"/>
</suite>
<statistics>
<total>
<stat pass="1" fail="0" skip="0">All Tests</stat>
</total>
<tag>
</tag>
<suite>
<stat pass="1" fail="0" skip="0" id="s1" name="Automation">Automation</stat>
<stat pass="1" fail="0" skip="0" id="s1-s1" name="TestCases">Automation.TestCases</stat>
<stat pass="1" fail="0" skip="0" id="s1-s1-s1" name="multibrowser TestCase9">Automation.TestCases.multibrowser TestCase9</stat>
</suite>
</statistics>
<errors>
</errors>
</robot>
